#
# There is insufficient memory for the Java Runtime Environment to continue.
# Native memory allocation (mmap) failed to map 60817408 bytes. Error detail: G1 virtual space
# Possible reasons:
#   The system is out of physical RAM or swap space
#   This process is running with CompressedOops enabled, and the Java Heap may be blocking the growth of the native heap
# Possible solutions:
#   Reduce memory load on the system
#   Increase physical memory or swap space
#   Check if swap backing store is full
#   Decrease Java heap size (-Xmx/-Xms)
#   Decrease number of Java threads
#   Decrease Java thread stack sizes (-Xss)
#   Set larger code cache with -XX:ReservedCodeCacheSize=
#   JVM is running with Unscaled Compressed Oops mode in which the Java heap is
#     placed in the first 4GB address space. The Java Heap base address is the
#     maximum limit for the native heap growth. Please use -XX:HeapBaseMinAddress
#     to set the Java Heap base and to place the Java Heap above 4GB virtual address.
# This output file may be truncated or incomplete.
#
#  Out of Memory Error (os_windows.cpp:3925), pid=263888, tid=264228
#
# JRE version: OpenJDK Runtime Environment (21.0.8) (build 21.0.8+-14196175-b1038.72)
# Java VM: OpenJDK 64-Bit Server VM (21.0.8+-14196175-b1038.72, mixed mode, tiered, compressed oops, compressed class ptrs, g1 gc, windows-amd64)
# No core dump will be written. Minidumps are not enabled by default on client versions of Windows
#

---------------  S U M M A R Y ------------

Command Line: --add-opens=java.base/java.lang=ALL-UNNAMED --add-opens=java.base/java.lang.invoke=ALL-UNNAMED --add-opens=java.base/java.util=ALL-UNNAMED --add-opens=java.prefs/java.util.prefs=ALL-UNNAMED --add-exports=jdk.compiler/com.sun.tools.javac.api=ALL-UNNAMED --add-exports=jdk.compiler/com.sun.tools.javac.util=ALL-UNNAMED --add-opens=java.base/java.util=ALL-UNNAMED --add-opens=java.prefs/java.util.prefs=ALL-UNNAMED --add-opens=java.base/java.nio.charset=ALL-UNNAMED --add-opens=java.base/java.net=ALL-UNNAMED --add-opens=java.base/java.util.concurrent.atomic=ALL-UNNAMED --add-opens=java.xml/javax.xml.namespace=ALL-UNNAMED -Xmx2048m -Dfile.encoding=UTF-8 -Duser.country=IN -Duser.language=en -Duser.variant -javaagent:C:\Users\ADMIN\.gradle\wrapper\dists\gradle-8.13-bin\5xuhj0ry160q40clulazy9h7d\gradle-8.13\lib\agents\gradle-instrumentation-agent-8.13.jar org.gradle.launcher.daemon.bootstrap.GradleDaemon 8.13

Host: Intel(R) Core(TM) i5-4210U CPU @ 1.70GHz, 4 cores, 7G,  Windows 10 , 64 bit Build 19041 (10.0.19041.5915)
Time: Mon Nov  3 19:43:40 2025 India Standard Time elapsed time: 63.030853 seconds (0d 0h 1m 3s)

---------------  T H R E A D  ---------------

Current thread (0x000001a7de6a1600):  VMThread "VM Thread"          [id=264228, stack(0x0000003fcc000000,0x0000003fcc100000) (1024K)]

Stack: [0x0000003fcc000000,0x0000003fcc100000]
Native frames: (J=compiled Java code, j=interpreted, Vv=VM code, C=native code)
V  [jvm.dll+0x6d68d9]
V  [jvm.dll+0x866693]
V  [jvm.dll+0x868c4e]
V  [jvm.dll+0x869333]
V  [jvm.dll+0x280566]
V  [jvm.dll+0x6d3195]
V  [jvm.dll+0x6c69ea]
V  [jvm.dll+0x3586db]
V  [jvm.dll+0x360336]
V  [jvm.dll+0x3b23f6]
V  [jvm.dll+0x3b26c8]
V  [jvm.dll+0x32ae6c]
V  [jvm.dll+0x32aef7]
V  [jvm.dll+0x370d3c]
V  [jvm.dll+0x36f4ee]
V  [jvm.dll+0x32a5c1]
V  [jvm.dll+0x36ebf0]
V  [jvm.dll+0x86f0b8]
V  [jvm.dll+0x870434]
V  [jvm.dll+0x870970]
V  [jvm.dll+0x870c03]
V  [jvm.dll+0x80eac8]
V  [jvm.dll+0x6d512d]
C  [ucrtbase.dll+0x21bb2]
C  [KERNEL32.DLL+0x17374]
C  [ntdll.dll+0x4cc91]

VM_Operation (0x0000003fcdafe510): G1CollectForAllocation, mode: safepoint, requested by thread 0x000001a7e49f9130


---------------  P R O C E S S  ---------------

Threads class SMR info:
_java_thread_list=0x000001a7e5de4730, length=40, elements={
0x000001a7c5512700, 0x000001a7de821600, 0x000001a7de824280, 0x000001a7de83c1e0,
0x000001a7de846ff0, 0x000001a7de847a50, 0x000001a7de84e900, 0x000001a7de84f360,
0x000001a7de852300, 0x000001a7de854db0, 0x000001a7dead46a0, 0x000001a7e318cb00,
0x000001a7e481d050, 0x000001a7de9e2020, 0x000001a7e3c93940, 0x000001a7e3c94380,
0x000001a7de9f2120, 0x000001a7de9f2790, 0x000001a7e49fab70, 0x000001a7e49f8aa0,
0x000001a7e49f97c0, 0x000001a7e49f76f0, 0x000001a7e49f8410, 0x000001a7e49f9130,
0x000001a7e49f7d80, 0x000001a7e49fa4e0, 0x000001a7e51e72d0, 0x000001a7e51ea0c0,
0x000001a7e51ebb00, 0x000001a7e51ec190, 0x000001a7e51e7960, 0x000001a7e51ec820,
0x000001a7e51e7ff0, 0x000001a7e51e8680, 0x000001a7e51eceb0, 0x000001a7e51e93a0,
0x000001a7e51eade0, 0x000001a7e51e5f20, 0x000001a7e51e8d10, 0x000001a7e51eb470
}

Java Threads: ( => current thread )
  0x000001a7c5512700 JavaThread "main"                              [_thread_blocked, id=261708, stack(0x0000003fcb900000,0x0000003fcba00000) (1024K)]
  0x000001a7de821600 JavaThread "Common-Cleaner"             daemon [_thread_blocked, id=260632, stack(0x0000003fcc100000,0x0000003fcc200000) (1024K)]
  0x000001a7de824280 JavaThread "Reference Handler"          daemon [_thread_blocked, id=235456, stack(0x0000003fcc200000,0x0000003fcc300000) (1024K)]
  0x000001a7de83c1e0 JavaThread "Finalizer"                  daemon [_thread_blocked, id=249104, stack(0x0000003fcc300000,0x0000003fcc400000) (1024K)]
  0x000001a7de846ff0 JavaThread "Signal Dispatcher"          daemon [_thread_blocked, id=236284, stack(0x0000003fcc400000,0x0000003fcc500000) (1024K)]
  0x000001a7de847a50 JavaThread "Attach Listener"            daemon [_thread_blocked, id=259536, stack(0x0000003fcc500000,0x0000003fcc600000) (1024K)]
  0x000001a7de84e900 JavaThread "Service Thread"             daemon [_thread_blocked, id=250400, stack(0x0000003fcc600000,0x0000003fcc700000) (1024K)]
  0x000001a7de84f360 JavaThread "Monitor Deflation Thread"   daemon [_thread_blocked, id=245176, stack(0x0000003fcc700000,0x0000003fcc800000) (1024K)]
  0x000001a7de852300 JavaThread "C2 CompilerThread0"         daemon [_thread_blocked, id=214508, stack(0x0000003fcc800000,0x0000003fcc900000) (1024K)]
  0x000001a7de854db0 JavaThread "C1 CompilerThread0"         daemon [_thread_blocked, id=261652, stack(0x0000003fcc900000,0x0000003fcca00000) (1024K)]
  0x000001a7dead46a0 JavaThread "Notification Thread"        daemon [_thread_blocked, id=265732, stack(0x0000003fcca00000,0x0000003fccb00000) (1024K)]
  0x000001a7e318cb00 JavaThread "Daemon health stats"               [_thread_blocked, id=263960, stack(0x0000003fcce00000,0x0000003fccf00000) (1024K)]
  0x000001a7e481d050 JavaThread "Incoming local TCP Connector on port 64223"        [_thread_in_native, id=262996, stack(0x0000003fccf00000,0x0000003fcd000000) (1024K)]
  0x000001a7de9e2020 JavaThread "Daemon periodic checks"            [_thread_blocked, id=257944, stack(0x0000003fcd000000,0x0000003fcd100000) (1024K)]
  0x000001a7e3c93940 JavaThread "Daemon"                            [_thread_blocked, id=246576, stack(0x0000003fcd100000,0x0000003fcd200000) (1024K)]
  0x000001a7e3c94380 JavaThread "Handler for socket connection from /127.0.0.1:64223 to /127.0.0.1:64224"        [_thread_in_native, id=260188, stack(0x0000003fcd200000,0x0000003fcd300000) (1024K)]
  0x000001a7de9f2120 JavaThread "Cancel handler"                    [_thread_blocked, id=263496, stack(0x0000003fcd300000,0x0000003fcd400000) (1024K)]
  0x000001a7de9f2790 JavaThread "Daemon worker"                     [_thread_blocked, id=232960, stack(0x0000003fcd400000,0x0000003fcd500000) (1024K)]
  0x000001a7e49fab70 JavaThread "Asynchronous log dispatcher for DefaultDaemonConnection: socket connection from /127.0.0.1:64223 to /127.0.0.1:64224"        [_thread_blocked, id=240688, stack(0x0000003fcd500000,0x0000003fcd600000) (1024K)]
  0x000001a7e49f8aa0 JavaThread "Stdin handler"                     [_thread_blocked, id=248480, stack(0x0000003fcd600000,0x0000003fcd700000) (1024K)]
  0x000001a7e49f97c0 JavaThread "Daemon client event forwarder"        [_thread_blocked, id=263128, stack(0x0000003fcd700000,0x0000003fcd800000) (1024K)]
  0x000001a7e49f76f0 JavaThread "Cache worker for journal cache (C:\Users\ADMIN\.gradle\caches\journal-1)"        [_thread_blocked, id=262676, stack(0x0000003fcd800000,0x0000003fcd900000) (1024K)]
  0x000001a7e49f8410 JavaThread "File lock request listener"        [_thread_in_native, id=260832, stack(0x0000003fcd900000,0x0000003fcda00000) (1024K)]
  0x000001a7e49f9130 JavaThread "Cache worker for file hash cache (C:\Users\ADMIN\.gradle\caches\8.13\fileHashes)"        [_thread_blocked, id=265308, stack(0x0000003fcda00000,0x0000003fcdb00000) (1024K)]
  0x000001a7e49f7d80 JavaThread "Cache worker for file hash cache (C:\Users\ADMIN\Desktop\Vivestate_vs\.gradle\8.13\fileHashes)"        [_thread_blocked, id=262300, stack(0x0000003fcdb00000,0x0000003fcdc00000) (1024K)]
  0x000001a7e49fa4e0 JavaThread "Cache worker for Build Output Cleanup Cache (C:\Users\ADMIN\Desktop\Vivestate_vs\.gradle\buildOutputCleanup)"        [_thread_blocked, id=265240, stack(0x0000003fcdc00000,0x0000003fcdd00000) (1024K)]
  0x000001a7e51e72d0 JavaThread "File watcher server"        daemon [_thread_in_native, id=263356, stack(0x0000003fcdd00000,0x0000003fcde00000) (1024K)]
  0x000001a7e51ea0c0 JavaThread "File watcher consumer"      daemon [_thread_blocked, id=264580, stack(0x0000003fcde00000,0x0000003fcdf00000) (1024K)]
  0x000001a7e51ebb00 JavaThread "jar transforms"                    [_thread_blocked, id=264968, stack(0x0000003fcdf00000,0x0000003fce000000) (1024K)]
  0x000001a7e51ec190 JavaThread "jar transforms Thread 2"           [_thread_blocked, id=243556, stack(0x0000003fce000000,0x0000003fce100000) (1024K)]
  0x000001a7e51e7960 JavaThread "jar transforms Thread 3"           [_thread_blocked, id=262724, stack(0x0000003fce100000,0x0000003fce200000) (1024K)]
  0x000001a7e51ec820 JavaThread "jar transforms Thread 4"           [_thread_blocked, id=264812, stack(0x0000003fce200000,0x0000003fce300000) (1024K)]
  0x000001a7e51e7ff0 JavaThread "Cache worker for checksums cache (C:\Users\ADMIN\Desktop\Vivestate_vs\.gradle\8.13\checksums)"        [_thread_blocked, id=263720, stack(0x0000003fce300000,0x0000003fce400000) (1024K)]
  0x000001a7e51e8680 JavaThread "Cache worker for file content cache (C:\Users\ADMIN\.gradle\caches\8.13\fileContent)"        [_thread_blocked, id=258028, stack(0x0000003fce400000,0x0000003fce500000) (1024K)]
  0x000001a7e51eceb0 JavaThread "Cache worker for cache directory md-supplier (C:\Users\ADMIN\.gradle\caches\8.13\md-supplier)"        [_thread_blocked, id=261732, stack(0x0000003fce500000,0x0000003fce600000) (1024K)]
  0x000001a7e51e93a0 JavaThread "Cache worker for cache directory md-rule (C:\Users\ADMIN\.gradle\caches\8.13\md-rule)"        [_thread_blocked, id=265972, stack(0x0000003fce600000,0x0000003fce700000) (1024K)]
  0x000001a7e51eade0 JavaThread "Unconstrained build operations"        [_thread_blocked, id=264252, stack(0x0000003fce700000,0x0000003fce800000) (1024K)]
  0x000001a7e51e5f20 JavaThread "Unconstrained build operations Thread 2"        [_thread_blocked, id=259528, stack(0x0000003fce800000,0x0000003fce900000) (1024K)]
  0x000001a7e51e8d10 JavaThread "Unconstrained build operations Thread 3"        [_thread_blocked, id=263792, stack(0x0000003fcb600000,0x0000003fcb700000) (1024K)]
  0x000001a7e51eb470 JavaThread "Unconstrained build operations Thread 4"        [_thread_blocked, id=263256, stack(0x0000003fcb700000,0x0000003fcb800000) (1024K)]
Total: 40

Other Threads:
=>0x000001a7de6a1600 VMThread "VM Thread"                           [id=264228, stack(0x0000003fcc000000,0x0000003fcc100000) (1024K)]
  0x000001a7de611010 WatcherThread "VM Periodic Task Thread"        [id=246324, stack(0x0000003fcbf00000,0x0000003fcc000000) (1024K)]
  0x000001a7c55dd070 WorkerThread "GC Thread#0"                     [id=260704, stack(0x0000003fcba00000,0x0000003fcbb00000) (1024K)]
  0x000001a7e31d3640 WorkerThread "GC Thread#1"                     [id=264944, stack(0x0000003fccb00000,0x0000003fccc00000) (1024K)]
  0x000001a7e31d39e0 WorkerThread "GC Thread#2"                     [id=262040, stack(0x0000003fccc00000,0x0000003fccd00000) (1024K)]
  0x000001a7e3a33150 WorkerThread "GC Thread#3"                     [id=261316, stack(0x0000003fccd00000,0x0000003fcce00000) (1024K)]
  0x000001a7c55de6e0 ConcurrentGCThread "G1 Main Marker"            [id=257756, stack(0x0000003fcbb00000,0x0000003fcbc00000) (1024K)]
  0x000001a7c7888840 WorkerThread "G1 Conc#0"                       [id=264168, stack(0x0000003fcbc00000,0x0000003fcbd00000) (1024K)]
  0x000001a7c78ee870 ConcurrentGCThread "G1 Refine#0"               [id=265668, stack(0x0000003fcbd00000,0x0000003fcbe00000) (1024K)]
  0x000001a7de4d64d0 ConcurrentGCThread "G1 Service"                [id=265184, stack(0x0000003fcbe00000,0x0000003fcbf00000) (1024K)]
Total: 10

Threads with active compile tasks:
C2 CompilerThread0  63129 6786       4       org.objectweb.asm.ClassReader::readClass (7 bytes)
Total: 1

VM state: at safepoint (normal execution)

VM Mutex/Monitor currently owned by a thread:  ([mutex/lock_event])
[0x00007ffe1a9785b8] Threads_lock - owner thread: 0x000001a7de6a1600
[0x00007ffe1a9786b8] Heap_lock - owner thread: 0x000001a7e49f9130

Heap address: 0x0000000080000000, size: 2048 MB, Compressed Oops mode: 32-bit

CDS archive(s) not mapped
Compressed class space mapped at: 0x0000000100000000-0x0000000140000000, reserved size: 1073741824
Narrow klass base: 0x0000000000000000, Narrow klass shift: 3, Narrow klass range: 0x140000000

GC Precious Log:
 CardTable entry size: 512
 Card Set container configuration: InlinePtr #cards 5 size 8 Array Of Cards #cards 12 size 40 Howl #buckets 4 coarsen threshold 1843 Howl Bitmap #cards 512 size 80 coarsen threshold 460 Card regions per heap region 1 cards per card region 2048
 CPUs: 4 total, 4 available
 Memory: 8113M
 Large Page Support: Disabled
 NUMA Support: Disabled
 Compressed Oops: Enabled (32-bit)
 Heap Region Size: 1M
 Heap Min Capacity: 8M
 Heap Initial Capacity: 128M
 Heap Max Capacity: 2G
 Pre-touch: Disabled
 Parallel Workers: 4
 Concurrent Workers: 1
 Concurrent Refinement Workers: 4
 Periodic GC: Disabled

Heap:
 garbage-first heap   total 137216K, used 101993K [0x0000000080000000, 0x0000000100000000)
  region size 1024K, 5 young (5120K), 5 survivors (5120K)
 Metaspace       used 64995K, committed 66432K, reserved 1114112K
  class space    used 9189K, committed 9856K, reserved 1048576K

Heap Regions: E=young(eden), S=young(survivor), O=old, HS=humongous(starts), HC=humongous(continues), CS=collection set, F=free, TAMS=top-at-mark-start, PB=parsable bottom
|   0|0x0000000080000000, 0x0000000080100000, 0x0000000080100000|100%|HS|  |TAMS 0x0000000080100000| PB 0x0000000080000000| Complete 
|   1|0x0000000080100000, 0x0000000080200000, 0x0000000080200000|100%|HC|  |TAMS 0x0000000080200000| PB 0x0000000080100000| Complete 
|   2|0x0000000080200000, 0x0000000080300000, 0x0000000080300000|100%|HC|  |TAMS 0x0000000080300000| PB 0x0000000080200000| Complete 
|   3|0x0000000080300000, 0x0000000080400000, 0x0000000080400000|100%| O|  |TAMS 0x0000000080400000| PB 0x0000000080300000| Untracked 
|   4|0x0000000080400000, 0x0000000080500000, 0x0000000080500000|100%| O|  |TAMS 0x0000000080500000| PB 0x0000000080400000| Untracked 
|   5|0x0000000080500000, 0x0000000080600000, 0x0000000080600000|100%| O|  |TAMS 0x0000000080600000| PB 0x0000000080500000| Untracked 
|   6|0x0000000080600000, 0x0000000080700000, 0x0000000080700000|100%| O|  |TAMS 0x0000000080700000| PB 0x0000000080600000| Untracked 
|   7|0x0000000080700000, 0x0000000080800000, 0x0000000080800000|100%|HS|  |TAMS 0x0000000080800000| PB 0x0000000080700000| Complete 
|   8|0x0000000080800000, 0x0000000080900000, 0x0000000080900000|100%| O|  |TAMS 0x0000000080900000| PB 0x0000000080800000| Untracked 
|   9|0x0000000080900000, 0x0000000080a00000, 0x0000000080a00000|100%| O|  |TAMS 0x0000000080a00000| PB 0x0000000080900000| Untracked 
|  10|0x0000000080a00000, 0x0000000080b00000, 0x0000000080b00000|100%| O|  |TAMS 0x0000000080b00000| PB 0x0000000080a00000| Untracked 
|  11|0x0000000080b00000, 0x0000000080c00000, 0x0000000080c00000|100%| O|  |TAMS 0x0000000080c00000| PB 0x0000000080b00000| Untracked 
|  12|0x0000000080c00000, 0x0000000080d00000, 0x0000000080d00000|100%| O|  |TAMS 0x0000000080d00000| PB 0x0000000080c00000| Untracked 
|  13|0x0000000080d00000, 0x0000000080e00000, 0x0000000080e00000|100%| O|  |TAMS 0x0000000080e00000| PB 0x0000000080d00000| Untracked 
|  14|0x0000000080e00000, 0x0000000080f00000, 0x0000000080f00000|100%| O|  |TAMS 0x0000000080f00000| PB 0x0000000080e00000| Untracked 
|  15|0x0000000080f00000, 0x0000000081000000, 0x0000000081000000|100%| O|  |TAMS 0x0000000081000000| PB 0x0000000080f00000| Untracked 
|  16|0x0000000081000000, 0x0000000081100000, 0x0000000081100000|100%| O|  |TAMS 0x0000000081100000| PB 0x0000000081000000| Untracked 
|  17|0x0000000081100000, 0x0000000081200000, 0x0000000081200000|100%| O|  |TAMS 0x0000000081200000| PB 0x0000000081100000| Untracked 
|  18|0x0000000081200000, 0x0000000081300000, 0x0000000081300000|100%| O|  |TAMS 0x0000000081300000| PB 0x0000000081200000| Untracked 
|  19|0x0000000081300000, 0x0000000081400000, 0x0000000081400000|100%| O|  |TAMS 0x0000000081400000| PB 0x0000000081300000| Untracked 
|  20|0x0000000081400000, 0x0000000081500000, 0x0000000081500000|100%| O|  |TAMS 0x0000000081500000| PB 0x0000000081400000| Untracked 
|  21|0x0000000081500000, 0x0000000081600000, 0x0000000081600000|100%| O|  |TAMS 0x0000000081600000| PB 0x0000000081500000| Untracked 
|  22|0x0000000081600000, 0x0000000081700000, 0x0000000081700000|100%| O|  |TAMS 0x0000000081700000| PB 0x0000000081600000| Untracked 
|  23|0x0000000081700000, 0x0000000081800000, 0x0000000081800000|100%| O|  |TAMS 0x0000000081800000| PB 0x0000000081700000| Untracked 
|  24|0x0000000081800000, 0x0000000081900000, 0x0000000081900000|100%| O|  |TAMS 0x0000000081900000| PB 0x0000000081800000| Untracked 
|  25|0x0000000081900000, 0x0000000081a00000, 0x0000000081a00000|100%|HS|  |TAMS 0x0000000081a00000| PB 0x0000000081900000| Complete 
|  26|0x0000000081a00000, 0x0000000081b00000, 0x0000000081b00000|100%|HC|  |TAMS 0x0000000081b00000| PB 0x0000000081a00000| Complete 
|  27|0x0000000081b00000, 0x0000000081c00000, 0x0000000081c00000|100%|HC|  |TAMS 0x0000000081c00000| PB 0x0000000081b00000| Complete 
|  28|0x0000000081c00000, 0x0000000081d00000, 0x0000000081d00000|100%|HC|  |TAMS 0x0000000081d00000| PB 0x0000000081c00000| Complete 
|  29|0x0000000081d00000, 0x0000000081e00000, 0x0000000081e00000|100%|HC|  |TAMS 0x0000000081e00000| PB 0x0000000081d00000| Complete 
|  30|0x0000000081e00000, 0x0000000081f00000, 0x0000000081f00000|100%|HC|  |TAMS 0x0000000081f00000| PB 0x0000000081e00000| Complete 
|  31|0x0000000081f00000, 0x0000000082000000, 0x0000000082000000|100%|HS|  |TAMS 0x0000000082000000| PB 0x0000000081f00000| Complete 
|  32|0x0000000082000000, 0x0000000082100000, 0x0000000082100000|100%|HS|  |TAMS 0x0000000082100000| PB 0x0000000082000000| Complete 
|  33|0x0000000082100000, 0x0000000082200000, 0x0000000082200000|100%|HC|  |TAMS 0x0000000082200000| PB 0x0000000082100000| Complete 
|  34|0x0000000082200000, 0x0000000082300000, 0x0000000082300000|100%|HS|  |TAMS 0x0000000082300000| PB 0x0000000082200000| Complete 
|  35|0x0000000082300000, 0x0000000082400000, 0x0000000082400000|100%|HC|  |TAMS 0x0000000082400000| PB 0x0000000082300000| Complete 
|  36|0x0000000082400000, 0x0000000082500000, 0x0000000082500000|100%|HC|  |TAMS 0x0000000082500000| PB 0x0000000082400000| Complete 
|  37|0x0000000082500000, 0x0000000082600000, 0x0000000082600000|100%|HC|  |TAMS 0x0000000082600000| PB 0x0000000082500000| Complete 
|  38|0x0000000082600000, 0x0000000082700000, 0x0000000082700000|100%|HS|  |TAMS 0x0000000082700000| PB 0x0000000082600000| Complete 
|  39|0x0000000082700000, 0x0000000082800000, 0x0000000082800000|100%|HS|  |TAMS 0x0000000082800000| PB 0x0000000082700000| Complete 
|  40|0x0000000082800000, 0x0000000082900000, 0x0000000082900000|100%|HC|  |TAMS 0x0000000082900000| PB 0x0000000082800000| Complete 
|  41|0x0000000082900000, 0x0000000082a00000, 0x0000000082a00000|100%|HC|  |TAMS 0x0000000082a00000| PB 0x0000000082900000| Complete 
|  42|0x0000000082a00000, 0x0000000082b00000, 0x0000000082b00000|100%|HC|  |TAMS 0x0000000082b00000| PB 0x0000000082a00000| Complete 
|  43|0x0000000082b00000, 0x0000000082c00000, 0x0000000082c00000|100%|HC|  |TAMS 0x0000000082c00000| PB 0x0000000082b00000| Complete 
|  44|0x0000000082c00000, 0x0000000082d00000, 0x0000000082d00000|100%|HC|  |TAMS 0x0000000082d00000| PB 0x0000000082c00000| Complete 
|  45|0x0000000082d00000, 0x0000000082e00000, 0x0000000082e00000|100%|HS|  |TAMS 0x0000000082e00000| PB 0x0000000082d00000| Complete 
|  46|0x0000000082e00000, 0x0000000082f00000, 0x0000000082f00000|100%|HS|  |TAMS 0x0000000082f00000| PB 0x0000000082e00000| Complete 
|  47|0x0000000082f00000, 0x0000000083000000, 0x0000000083000000|100%|HC|  |TAMS 0x0000000083000000| PB 0x0000000082f00000| Complete 
|  48|0x0000000083000000, 0x0000000083100000, 0x0000000083100000|100%|HS|  |TAMS 0x0000000083100000| PB 0x0000000083000000| Complete 
|  49|0x0000000083100000, 0x0000000083200000, 0x0000000083200000|100%|HC|  |TAMS 0x0000000083200000| PB 0x0000000083100000| Complete 
|  50|0x0000000083200000, 0x0000000083300000, 0x0000000083300000|100%|HC|  |TAMS 0x0000000083300000| PB 0x0000000083200000| Complete 
|  51|0x0000000083300000, 0x0000000083400000, 0x0000000083400000|100%|HC|  |TAMS 0x0000000083400000| PB 0x0000000083300000| Complete 
|  52|0x0000000083400000, 0x0000000083500000, 0x0000000083500000|100%| O|  |TAMS 0x0000000083500000| PB 0x0000000083400000| Untracked 
|  53|0x0000000083500000, 0x0000000083600000, 0x0000000083600000|100%| O|  |TAMS 0x0000000083600000| PB 0x0000000083500000| Untracked 
|  54|0x0000000083600000, 0x0000000083700000, 0x0000000083700000|100%| O|  |TAMS 0x0000000083700000| PB 0x0000000083600000| Untracked 
|  55|0x0000000083700000, 0x0000000083800000, 0x0000000083800000|100%| O|  |TAMS 0x0000000083800000| PB 0x0000000083700000| Untracked 
|  56|0x0000000083800000, 0x0000000083900000, 0x0000000083900000|100%| O|  |TAMS 0x0000000083900000| PB 0x0000000083800000| Untracked 
|  57|0x0000000083900000, 0x0000000083a00000, 0x0000000083a00000|100%| O|  |TAMS 0x0000000083a00000| PB 0x0000000083900000| Untracked 
|  58|0x0000000083a00000, 0x0000000083b00000, 0x0000000083b00000|100%| O|  |TAMS 0x0000000083b00000| PB 0x0000000083a00000| Untracked 
|  59|0x0000000083b00000, 0x0000000083c00000, 0x0000000083c00000|100%| O|  |TAMS 0x0000000083c00000| PB 0x0000000083b00000| Untracked 
|  60|0x0000000083c00000, 0x0000000083d00000, 0x0000000083d00000|100%| O|  |TAMS 0x0000000083d00000| PB 0x0000000083c00000| Untracked 
|  61|0x0000000083d00000, 0x0000000083e00000, 0x0000000083e00000|100%| O|  |TAMS 0x0000000083e00000| PB 0x0000000083d00000| Untracked 
|  62|0x0000000083e00000, 0x0000000083f00000, 0x0000000083f00000|100%| O|  |TAMS 0x0000000083f00000| PB 0x0000000083e00000| Untracked 
|  63|0x0000000083f00000, 0x0000000084000000, 0x0000000084000000|100%| O|  |TAMS 0x0000000084000000| PB 0x0000000083f00000| Untracked 
|  64|0x0000000084000000, 0x0000000084100000, 0x0000000084100000|100%| O|  |TAMS 0x0000000084100000| PB 0x0000000084000000| Untracked 
|  65|0x0000000084100000, 0x0000000084200000, 0x0000000084200000|100%| O|  |TAMS 0x0000000084200000| PB 0x0000000084100000| Untracked 
|  66|0x0000000084200000, 0x0000000084300000, 0x0000000084300000|100%|HS|  |TAMS 0x0000000084300000| PB 0x0000000084200000| Complete 
|  67|0x0000000084300000, 0x0000000084400000, 0x0000000084400000|100%| O|  |TAMS 0x0000000084400000| PB 0x0000000084300000| Untracked 
|  68|0x0000000084400000, 0x0000000084500000, 0x0000000084500000|100%| O|  |TAMS 0x0000000084500000| PB 0x0000000084400000| Untracked 
|  69|0x0000000084500000, 0x0000000084600000, 0x0000000084600000|100%| O|  |TAMS 0x0000000084600000| PB 0x0000000084500000| Untracked 
|  70|0x0000000084600000, 0x0000000084700000, 0x0000000084700000|100%| O|  |TAMS 0x0000000084700000| PB 0x0000000084600000| Untracked 
|  71|0x0000000084700000, 0x0000000084800000, 0x0000000084800000|100%| O|  |TAMS 0x0000000084700000| PB 0x0000000084700000| Untracked 
|  72|0x0000000084800000, 0x0000000084900000, 0x0000000084900000|100%| O|  |TAMS 0x0000000084900000| PB 0x0000000084800000| Untracked 
|  73|0x0000000084900000, 0x0000000084a00000, 0x0000000084a00000|100%| O|  |TAMS 0x0000000084a00000| PB 0x0000000084900000| Untracked 
|  74|0x0000000084a00000, 0x0000000084b00000, 0x0000000084b00000|100%| O|  |TAMS 0x0000000084b00000| PB 0x0000000084a00000| Untracked 
|  75|0x0000000084b00000, 0x0000000084c00000, 0x0000000084c00000|100%| O|  |TAMS 0x0000000084c00000| PB 0x0000000084b00000| Untracked 
|  76|0x0000000084c00000, 0x0000000084d00000, 0x0000000084d00000|100%| O|  |TAMS 0x0000000084d00000| PB 0x0000000084c00000| Untracked 
|  77|0x0000000084d00000, 0x0000000084e00000, 0x0000000084e00000|100%| O|  |TAMS 0x0000000084e00000| PB 0x0000000084d00000| Untracked 
|  78|0x0000000084e00000, 0x0000000084f00000, 0x0000000084f00000|100%| O|  |TAMS 0x0000000084f00000| PB 0x0000000084e00000| Untracked 
|  79|0x0000000084f00000, 0x0000000085000000, 0x0000000085000000|100%| O|  |TAMS 0x0000000085000000| PB 0x0000000084f00000| Untracked 
|  80|0x0000000085000000, 0x0000000085100000, 0x0000000085100000|100%| O|  |TAMS 0x0000000085100000| PB 0x0000000085000000| Untracked 
|  81|0x0000000085100000, 0x0000000085200000, 0x0000000085200000|100%| O|  |TAMS 0x0000000085200000| PB 0x0000000085100000| Untracked 
|  82|0x0000000085200000, 0x0000000085300000, 0x0000000085300000|100%| O|  |TAMS 0x0000000085300000| PB 0x0000000085200000| Untracked 
|  83|0x0000000085300000, 0x0000000085300000, 0x0000000085400000|  0%| F|  |TAMS 0x0000000085300000| PB 0x0000000085300000| Untracked 
|  84|0x0000000085400000, 0x0000000085400000, 0x0000000085500000|  0%| F|  |TAMS 0x0000000085400000| PB 0x0000000085400000| Untracked 
|  85|0x0000000085500000, 0x0000000085500000, 0x0000000085600000|  0%| F|  |TAMS 0x0000000085500000| PB 0x0000000085500000| Untracked 
|  86|0x0000000085600000, 0x0000000085600000, 0x0000000085700000|  0%| F|  |TAMS 0x0000000085600000| PB 0x0000000085600000| Untracked 
|  87|0x0000000085700000, 0x0000000085700000, 0x0000000085800000|  0%| F|  |TAMS 0x0000000085700000| PB 0x0000000085700000| Untracked 
|  88|0x0000000085800000, 0x0000000085900000, 0x0000000085900000|100%| O|  |TAMS 0x0000000085800000| PB 0x0000000085800000| Untracked 
|  89|0x0000000085900000, 0x0000000085a00000, 0x0000000085a00000|100%| O|  |TAMS 0x0000000085900000| PB 0x0000000085900000| Untracked 
|  90|0x0000000085a00000, 0x0000000085b00000, 0x0000000085b00000|100%| O|  |TAMS 0x0000000085a00000| PB 0x0000000085a00000| Untracked 
|  91|0x0000000085b00000, 0x0000000085c00000, 0x0000000085c00000|100%| O|  |TAMS 0x0000000085b00000| PB 0x0000000085b00000| Untracked 
|  92|0x0000000085c00000, 0x0000000085d00000, 0x0000000085d00000|100%| O|  |TAMS 0x0000000085c00000| PB 0x0000000085c00000| Untracked 
|  93|0x0000000085d00000, 0x0000000085e00000, 0x0000000085e00000|100%| O|  |TAMS 0x0000000085d00000| PB 0x0000000085d00000| Untracked 
|  94|0x0000000085e00000, 0x0000000085f00000, 0x0000000085f00000|100%| S|CS|TAMS 0x0000000085e00000| PB 0x0000000085e00000| Complete 
|  95|0x0000000085f00000, 0x0000000086000000, 0x0000000086000000|100%| S|CS|TAMS 0x0000000085f00000| PB 0x0000000085f00000| Complete 
|  96|0x0000000086000000, 0x0000000086100000, 0x0000000086100000|100%| S|CS|TAMS 0x0000000086000000| PB 0x0000000086000000| Complete 
|  97|0x0000000086100000, 0x0000000086200000, 0x0000000086200000|100%| S|CS|TAMS 0x0000000086100000| PB 0x0000000086100000| Complete 
|  98|0x0000000086200000, 0x0000000086300000, 0x0000000086300000|100%| S|CS|TAMS 0x0000000086200000| PB 0x0000000086200000| Complete 
|  99|0x0000000086300000, 0x0000000086300000, 0x0000000086400000|  0%| F|  |TAMS 0x0000000086300000| PB 0x0000000086300000| Untracked 
| 100|0x0000000086400000, 0x0000000086400000, 0x0000000086500000|  0%| F|  |TAMS 0x0000000086400000| PB 0x0000000086400000| Untracked 
| 101|0x0000000086500000, 0x0000000086500000, 0x0000000086600000|  0%| F|  |TAMS 0x0000000086500000| PB 0x0000000086500000| Untracked 
| 102|0x0000000086600000, 0x0000000086600000, 0x0000000086700000|  0%| F|  |TAMS 0x0000000086600000| PB 0x0000000086600000| Untracked 
| 103|0x0000000086700000, 0x0000000086700000, 0x0000000086800000|  0%| F|  |TAMS 0x0000000086700000| PB 0x0000000086700000| Untracked 
| 104|0x0000000086800000, 0x0000000086800000, 0x0000000086900000|  0%| F|  |TAMS 0x0000000086800000| PB 0x0000000086800000| Untracked 
| 105|0x0000000086900000, 0x0000000086900000, 0x0000000086a00000|  0%| F|  |TAMS 0x0000000086900000| PB 0x0000000086900000| Untracked 
| 106|0x0000000086a00000, 0x0000000086a00000, 0x0000000086b00000|  0%| F|  |TAMS 0x0000000086a00000| PB 0x0000000086a00000| Untracked 
| 107|0x0000000086b00000, 0x0000000086b00000, 0x0000000086c00000|  0%| F|  |TAMS 0x0000000086b00000| PB 0x0000000086b00000| Untracked 
| 108|0x0000000086c00000, 0x0000000086c00000, 0x0000000086d00000|  0%| F|  |TAMS 0x0000000086c00000| PB 0x0000000086c00000| Untracked 
| 109|0x0000000086d00000, 0x0000000086d00000, 0x0000000086e00000|  0%| F|  |TAMS 0x0000000086d00000| PB 0x0000000086d00000| Untracked 
| 110|0x0000000086e00000, 0x0000000086e00000, 0x0000000086f00000|  0%| F|  |TAMS 0x0000000086e00000| PB 0x0000000086e00000| Untracked 
| 111|0x0000000086f00000, 0x0000000086f00000, 0x0000000087000000|  0%| F|  |TAMS 0x0000000086f00000| PB 0x0000000086f00000| Untracked 
| 112|0x0000000087000000, 0x0000000087000000, 0x0000000087100000|  0%| F|  |TAMS 0x0000000087000000| PB 0x0000000087000000| Untracked 
| 113|0x0000000087100000, 0x0000000087100000, 0x0000000087200000|  0%| F|  |TAMS 0x0000000087100000| PB 0x0000000087100000| Untracked 
| 114|0x0000000087200000, 0x0000000087200000, 0x0000000087300000|  0%| F|  |TAMS 0x0000000087200000| PB 0x0000000087200000| Untracked 
| 115|0x0000000087300000, 0x0000000087300000, 0x0000000087400000|  0%| F|  |TAMS 0x0000000087300000| PB 0x0000000087300000| Untracked 
| 116|0x0000000087400000, 0x0000000087400000, 0x0000000087500000|  0%| F|  |TAMS 0x0000000087400000| PB 0x0000000087400000| Untracked 
| 117|0x0000000087500000, 0x0000000087500000, 0x0000000087600000|  0%| F|  |TAMS 0x0000000087500000| PB 0x0000000087500000| Untracked 
| 118|0x0000000087600000, 0x0000000087600000, 0x0000000087700000|  0%| F|  |TAMS 0x0000000087600000| PB 0x0000000087600000| Untracked 
| 119|0x0000000087700000, 0x0000000087700000, 0x0000000087800000|  0%| F|  |TAMS 0x0000000087700000| PB 0x0000000087700000| Untracked 
| 120|0x0000000087800000, 0x0000000087800000, 0x0000000087900000|  0%| F|  |TAMS 0x0000000087800000| PB 0x0000000087800000| Untracked 
| 121|0x0000000087900000, 0x0000000087900000, 0x0000000087a00000|  0%| F|  |TAMS 0x0000000087900000| PB 0x0000000087900000| Untracked 
| 122|0x0000000087a00000, 0x0000000087a00000, 0x0000000087b00000|  0%| F|  |TAMS 0x0000000087a00000| PB 0x0000000087a00000| Untracked 
| 123|0x0000000087b00000, 0x0000000087b00000, 0x0000000087c00000|  0%| F|  |TAMS 0x0000000087b00000| PB 0x0000000087b00000| Untracked 
| 124|0x0000000087c00000, 0x0000000087c00000, 0x0000000087d00000|  0%| F|  |TAMS 0x0000000087c00000| PB 0x0000000087c00000| Untracked 
| 125|0x0000000087d00000, 0x0000000087d00000, 0x0000000087e00000|  0%| F|  |TAMS 0x0000000087d00000| PB 0x0000000087d00000| Untracked 
| 126|0x0000000087e00000, 0x0000000087e00000, 0x0000000087f00000|  0%| F|  |TAMS 0x0000000087e00000| PB 0x0000000087e00000| Untracked 
| 127|0x0000000087f00000, 0x0000000087f00000, 0x0000000088000000|  0%| F|  |TAMS 0x0000000087f00000| PB 0x0000000087f00000| Untracked 
|2042|0x00000000ffa00000, 0x00000000ffa9a790, 0x00000000ffb00000| 60%| O|  |TAMS 0x00000000ffa00000| PB 0x00000000ffa00000| Untracked 
|2043|0x00000000ffb00000, 0x00000000ffc00000, 0x00000000ffc00000|100%| O|  |TAMS 0x00000000ffb00000| PB 0x00000000ffb00000| Untracked 
|2044|0x00000000ffc00000, 0x00000000ffd00000, 0x00000000ffd00000|100%| O|  |TAMS 0x00000000ffc00000| PB 0x00000000ffc00000| Untracked 
|2045|0x00000000ffd00000, 0x00000000ffe00000, 0x00000000ffe00000|100%| O|  |TAMS 0x00000000ffd00000| PB 0x00000000ffd00000| Untracked 
|2046|0x00000000ffe00000, 0x00000000fff00000, 0x00000000fff00000|100%| O|  |TAMS 0x00000000ffe00000| PB 0x00000000ffe00000| Untracked 
|2047|0x00000000fff00000, 0x0000000100000000, 0x0000000100000000|100%| O|  |TAMS 0x0000000100000000| PB 0x00000000fff00000| Untracked 

Card table byte_map: [0x000001a7d9d80000,0x000001a7da180000] _byte_map_base: 0x000001a7d9980000

Marking Bits: (CMBitMap*) 0x000001a7c55dd520
 Bits: [0x000001a7da180000, 0x000001a7dc180000)

Polling page: 0x000001a7c56c0000

Metaspace:

Usage:
  Non-class:     54.50 MB used.
      Class:      8.97 MB used.
       Both:     63.47 MB used.

Virtual space:
  Non-class space:       64.00 MB reserved,      55.25 MB ( 86%) committed,  1 nodes.
      Class space:        1.00 GB reserved,       9.62 MB ( <1%) committed,  1 nodes.
             Both:        1.06 GB reserved,      64.88 MB (  6%) committed. 

Chunk freelists:
   Non-Class:  8.39 MB
       Class:  6.33 MB
        Both:  14.72 MB

MaxMetaspaceSize: unlimited
CompressedClassSpaceSize: 1.00 GB
Initial GC threshold: 21.00 MB
Current GC threshold: 106.88 MB
CDS: off
 - commit_granule_bytes: 65536.
 - commit_granule_words: 8192.
 - virtual_space_node_default_size: 8388608.
 - enlarge_chunks_in_place: 1.
 - use_allocation_guard: 0.


Internal statistics:

num_allocs_failed_limit: 6.
num_arena_births: 2828.
num_arena_deaths: 4.
num_vsnodes_births: 2.
num_vsnodes_deaths: 0.
num_space_committed: 1038.
num_space_uncommitted: 0.
num_chunks_returned_to_freelist: 13.
num_chunks_taken_from_freelist: 5467.
num_chunk_merges: 3.
num_chunk_splits: 3495.
num_chunks_enlarged: 2109.
num_inconsistent_stats: 0.

CodeHeap 'non-profiled nmethods': size=120000Kb used=3202Kb max_used=3202Kb free=116797Kb
 bounds [0x000001a7d2450000, 0x000001a7d2790000, 0x000001a7d9980000]
CodeHeap 'profiled nmethods': size=120000Kb used=10590Kb max_used=10687Kb free=109409Kb
 bounds [0x000001a7ca980000, 0x000001a7cb400000, 0x000001a7d1eb0000]
CodeHeap 'non-nmethods': size=5760Kb used=2732Kb max_used=2770Kb free=3027Kb
 bounds [0x000001a7d1eb0000, 0x000001a7d2180000, 0x000001a7d2450000]
CodeCache: size=245760Kb, used=16524Kb, max_used=16659Kb, free=229233Kb
 total_blobs=6620, nmethods=5742, adapters=781, full_count=0
Compilation: enabled, stopped_count=0, restarted_count=0

Compilation events (20 events):
Event: 62.905 Thread 0x000001a7de854db0 6795       2       org.objectweb.asm.Label::addLineNumber (106 bytes)
Event: 62.905 Thread 0x000001a7de854db0 nmethod 6795 0x000001a7cb034f10 code [0x000001a7cb0350e0, 0x000001a7cb035538]
Event: 62.905 Thread 0x000001a7de854db0 6796       2       org.objectweb.asm.MethodWriter::visitLineNumber (50 bytes)
Event: 62.906 Thread 0x000001a7de854db0 nmethod 6796 0x000001a7cae8b590 code [0x000001a7cae8b760, 0x000001a7cae8bab0]
Event: 62.906 Thread 0x000001a7de854db0 6797       2       org.gradle.internal.classpath.transforms.InstrumentingClassTransform$InstrumentingMethodVisitor::visitMethodInsn (126 bytes)
Event: 62.907 Thread 0x000001a7de854db0 nmethod 6797 0x000001a7cb034590 code [0x000001a7cb0347c0, 0x000001a7cb034c68]
Event: 62.907 Thread 0x000001a7de854db0 6798       2       org.gradle.internal.classpath.transforms.AdhocInterceptors::visitMethodInsn (56 bytes)
Event: 62.907 Thread 0x000001a7de854db0 nmethod 6798 0x000001a7cb034110 code [0x000001a7cb0342e0, 0x000001a7cb0344b8]
Event: 62.907 Thread 0x000001a7de854db0 6799       2       org.gradle.internal.classpath.generated.InterceptorDeclaration_ConfigCacheJvmBytecode::visitMethodInsn (4679 bytes)
Event: 62.932 Thread 0x000001a7de852300 nmethod 6712 0x000001a7d25f9510 code [0x000001a7d25f9940, 0x000001a7d25fbab8]
Event: 62.932 Thread 0x000001a7de852300 6763       4       java.util.AbstractSet::<init> (5 bytes)
Event: 62.932 Thread 0x000001a7de852300 nmethod 6763 0x000001a7d25f9210 code [0x000001a7d25f93a0, 0x000001a7d25f9428]
Event: 62.932 Thread 0x000001a7de852300 6786       4       org.objectweb.asm.ClassReader::readClass (7 bytes)
Event: 62.935 Thread 0x000001a7de854db0 nmethod 6799 0x000001a7cb13d990 code [0x000001a7cb13fe40, 0x000001a7cb148080]
Event: 62.936 Thread 0x000001a7de854db0 6801       2       org.objectweb.asm.ClassReader::readVerificationTypeInfo (184 bytes)
Event: 62.937 Thread 0x000001a7de854db0 nmethod 6801 0x000001a7cb032790 code [0x000001a7cb032a80, 0x000001a7cb0339d0]
Event: 62.937 Thread 0x000001a7de854db0 6802       2       org.objectweb.asm.MethodWriter::putFrameType (84 bytes)
Event: 62.938 Thread 0x000001a7de854db0 nmethod 6802 0x000001a7cb031e10 code [0x000001a7cb032040, 0x000001a7cb032490]
Event: 62.938 Thread 0x000001a7de854db0 6800       2       org.objectweb.asm.MethodVisitor::visitFrame (22 bytes)
Event: 62.938 Thread 0x000001a7de854db0 nmethod 6800 0x000001a7cb031a10 code [0x000001a7cb031bc0, 0x000001a7cb031d00]

GC Heap History (20 events):
Event: 48.893 GC heap after
{Heap after GC invocations=15 (full 0):
 garbage-first heap   total 102400K, used 63116K [0x0000000080000000, 0x0000000100000000)
  region size 1024K, 4 young (4096K), 4 survivors (4096K)
 Metaspace       used 43623K, committed 44608K, reserved 1114112K
  class space    used 6122K, committed 6592K, reserved 1048576K
}
Event: 50.209 GC heap before
{Heap before GC invocations=15 (full 0):
 garbage-first heap   total 102400K, used 91788K [0x0000000080000000, 0x0000000100000000)
  region size 1024K, 32 young (32768K), 4 survivors (4096K)
 Metaspace       used 47278K, committed 48192K, reserved 1114112K
  class space    used 6654K, committed 7104K, reserved 1048576K
}
Event: 50.220 GC heap after
{Heap after GC invocations=16 (full 0):
 garbage-first heap   total 122880K, used 64359K [0x0000000080000000, 0x0000000100000000)
  region size 1024K, 2 young (2048K), 2 survivors (2048K)
 Metaspace       used 47278K, committed 48192K, reserved 1114112K
  class space    used 6654K, committed 7104K, reserved 1048576K
}
Event: 55.540 GC heap before
{Heap before GC invocations=17 (full 0):
 garbage-first heap   total 122880K, used 118631K [0x0000000080000000, 0x0000000100000000)
  region size 1024K, 50 young (51200K), 2 survivors (2048K)
 Metaspace       used 55294K, committed 56320K, reserved 1114112K
  class space    used 7573K, committed 8064K, reserved 1048576K
}
Event: 55.564 GC heap after
{Heap after GC invocations=18 (full 0):
 garbage-first heap   total 125952K, used 69487K [0x0000000080000000, 0x0000000100000000)
  region size 1024K, 7 young (7168K), 7 survivors (7168K)
 Metaspace       used 55294K, committed 56320K, reserved 1114112K
  class space    used 7573K, committed 8064K, reserved 1048576K
}
Event: 57.507 GC heap before
{Heap before GC invocations=18 (full 0):
 garbage-first heap   total 125952K, used 111471K [0x0000000080000000, 0x0000000100000000)
  region size 1024K, 48 young (49152K), 7 survivors (7168K)
 Metaspace       used 58042K, committed 59200K, reserved 1114112K
  class space    used 8026K, committed 8576K, reserved 1048576K
}
Event: 57.524 GC heap after
{Heap after GC invocations=19 (full 0):
 garbage-first heap   total 125952K, used 71050K [0x0000000080000000, 0x0000000100000000)
  region size 1024K, 2 young (2048K), 2 survivors (2048K)
 Metaspace       used 58042K, committed 59200K, reserved 1114112K
  class space    used 8026K, committed 8576K, reserved 1048576K
}
Event: 58.680 GC heap before
{Heap before GC invocations=19 (full 0):
 garbage-first heap   total 125952K, used 115082K [0x0000000080000000, 0x0000000100000000)
  region size 1024K, 45 young (46080K), 2 survivors (2048K)
 Metaspace       used 63182K, committed 64704K, reserved 1114112K
  class space    used 8893K, committed 9600K, reserved 1048576K
}
Event: 58.695 GC heap after
{Heap after GC invocations=20 (full 0):
 garbage-first heap   total 125952K, used 72862K [0x0000000080000000, 0x0000000100000000)
  region size 1024K, 4 young (4096K), 4 survivors (4096K)
 Metaspace       used 63182K, committed 64704K, reserved 1114112K
  class space    used 8893K, committed 9600K, reserved 1048576K
}
Event: 59.930 GC heap before
{Heap before GC invocations=21 (full 0):
 garbage-first heap   total 125952K, used 113822K [0x0000000080000000, 0x0000000100000000)
  region size 1024K, 44 young (45056K), 4 survivors (4096K)
 Metaspace       used 64149K, committed 65664K, reserved 1114112K
  class space    used 9086K, committed 9792K, reserved 1048576K
}
Event: 59.944 GC heap after
{Heap after GC invocations=22 (full 0):
 garbage-first heap   total 125952K, used 75090K [0x0000000080000000, 0x0000000100000000)
  region size 1024K, 5 young (5120K), 5 survivors (5120K)
 Metaspace       used 64149K, committed 65664K, reserved 1114112K
  class space    used 9086K, committed 9792K, reserved 1048576K
}
Event: 60.177 GC heap before
{Heap before GC invocations=22 (full 0):
 garbage-first heap   total 125952K, used 114002K [0x0000000080000000, 0x0000000100000000)
  region size 1024K, 42 young (43008K), 5 survivors (5120K)
 Metaspace       used 64149K, committed 65664K, reserved 1114112K
  class space    used 9086K, committed 9792K, reserved 1048576K
}
Event: 60.192 GC heap after
{Heap after GC invocations=23 (full 0):
 garbage-first heap   total 125952K, used 76319K [0x0000000080000000, 0x0000000100000000)
  region size 1024K, 4 young (4096K), 4 survivors (4096K)
 Metaspace       used 64149K, committed 65664K, reserved 1114112K
  class space    used 9086K, committed 9792K, reserved 1048576K
}
Event: 60.409 GC heap before
{Heap before GC invocations=23 (full 0):
 garbage-first heap   total 125952K, used 114207K [0x0000000080000000, 0x0000000100000000)
  region size 1024K, 41 young (41984K), 4 survivors (4096K)
 Metaspace       used 64149K, committed 65664K, reserved 1114112K
  class space    used 9086K, committed 9792K, reserved 1048576K
}
Event: 60.419 GC heap after
{Heap after GC invocations=24 (full 0):
 garbage-first heap   total 125952K, used 78019K [0x0000000080000000, 0x0000000100000000)
  region size 1024K, 4 young (4096K), 4 survivors (4096K)
 Metaspace       used 64149K, committed 65664K, reserved 1114112K
  class space    used 9086K, committed 9792K, reserved 1048576K
}
Event: 60.881 GC heap before
{Heap before GC invocations=25 (full 0):
 garbage-first heap   total 132096K, used 113859K [0x0000000080000000, 0x0000000100000000)
  region size 1024K, 39 young (39936K), 4 survivors (4096K)
 Metaspace       used 64141K, committed 65664K, reserved 1114112K
  class space    used 9082K, committed 9792K, reserved 1048576K
}
Event: 60.905 GC heap after
{Heap after GC invocations=26 (full 0):
 garbage-first heap   total 132096K, used 83135K [0x0000000080000000, 0x0000000100000000)
  region size 1024K, 5 young (5120K), 5 survivors (5120K)
 Metaspace       used 64141K, committed 65664K, reserved 1114112K
  class space    used 9082K, committed 9792K, reserved 1048576K
}
Event: 62.599 GC heap before
{Heap before GC invocations=26 (full 0):
 garbage-first heap   total 132096K, used 118975K [0x0000000080000000, 0x0000000100000000)
  region size 1024K, 40 young (40960K), 5 survivors (5120K)
 Metaspace       used 64402K, committed 65856K, reserved 1114112K
  class space    used 9117K, committed 9792K, reserved 1048576K
}
Event: 62.619 GC heap after
{Heap after GC invocations=27 (full 0):
 garbage-first heap   total 132096K, used 90112K [0x0000000080000000, 0x0000000100000000)
  region size 1024K, 5 young (5120K), 5 survivors (5120K)
 Metaspace       used 64402K, committed 65856K, reserved 1114112K
  class space    used 9117K, committed 9792K, reserved 1048576K
}
Event: 62.940 GC heap before
{Heap before GC invocations=27 (full 0):
 garbage-first heap   total 132096K, used 119808K [0x0000000080000000, 0x0000000100000000)
  region size 1024K, 34 young (34816K), 5 survivors (5120K)
 Metaspace       used 64995K, committed 66432K, reserved 1114112K
  class space    used 9189K, committed 9856K, reserved 1048576K
}

Dll operation events (3 events):
Event: 0.079 Loaded shared library C:\Program Files\Android\Android Studio\jbr\bin\java.dll
Event: 0.112 Loaded shared library C:\Program Files\Android\Android Studio\jbr\bin\zip.dll
Event: 2.069 Loaded shared library C:\Program Files\Android\Android Studio\jbr\bin\verify.dll

Deoptimization events (20 events):
Event: 62.817 Thread 0x000001a7e51e8d10 Uncommon trap: trap_request=0xffffff3d fr.pc=0x000001a7d2609d40 relative=0x0000000000000260
Event: 62.817 Thread 0x000001a7e51e8d10 Uncommon trap: reason=unstable_fused_if action=reinterpret pc=0x000001a7d2609d40 method=org.objectweb.asm.ByteVector.putUTF8(Ljava/lang/String;)Lorg/objectweb/asm/ByteVector; @ 93 c2
Event: 62.817 Thread 0x000001a7e51e8d10 DEOPT PACKING pc=0x000001a7d2609d40 sp=0x0000003fcb6fa710
Event: 62.818 Thread 0x000001a7e51e8d10 DEOPT UNPACKING pc=0x000001a7d1f046a2 sp=0x0000003fcb6fa6a0 mode 2
Event: 62.872 Thread 0x000001a7e51e8d10 Uncommon trap: trap_request=0xffffff45 fr.pc=0x000001a7d26b2a30 relative=0x0000000000000190
Event: 62.872 Thread 0x000001a7e51e8d10 Uncommon trap: reason=unstable_if action=reinterpret pc=0x000001a7d26b2a30 method=java.util.zip.CRC32.updateBytesCheck([BII)V @ 1 c2
Event: 62.872 Thread 0x000001a7e51e8d10 DEOPT PACKING pc=0x000001a7d26b2a30 sp=0x0000003fcb6fa810
Event: 62.872 Thread 0x000001a7e51e8d10 DEOPT UNPACKING pc=0x000001a7d1f046a2 sp=0x0000003fcb6fa700 mode 2
Event: 62.875 Thread 0x000001a7e51e8d10 Uncommon trap: trap_request=0xffffff45 fr.pc=0x000001a7d26ee970 relative=0x0000000000000590
Event: 62.875 Thread 0x000001a7e51e8d10 Uncommon trap: reason=unstable_if action=reinterpret pc=0x000001a7d26ee970 method=org.objectweb.asm.ClassReader.readUtf(II[C)Ljava/lang/String; @ 41 c2
Event: 62.875 Thread 0x000001a7e51e8d10 DEOPT PACKING pc=0x000001a7d26ee970 sp=0x0000003fcb6fa720
Event: 62.875 Thread 0x000001a7e51e8d10 DEOPT UNPACKING pc=0x000001a7d1f046a2 sp=0x0000003fcb6fa6e8 mode 2
Event: 62.893 Thread 0x000001a7e51e8d10 Uncommon trap: trap_request=0xffffff3d fr.pc=0x000001a7d25559f8 relative=0x0000000000000158
Event: 62.893 Thread 0x000001a7e51e8d10 Uncommon trap: reason=unstable_fused_if action=reinterpret pc=0x000001a7d25559f8 method=java.io.BufferedOutputStream.growIfNeeded(I)V @ 10 c2
Event: 62.893 Thread 0x000001a7e51e8d10 DEOPT PACKING pc=0x000001a7d25559f8 sp=0x0000003fcb6fa900
Event: 62.893 Thread 0x000001a7e51e8d10 DEOPT UNPACKING pc=0x000001a7d1f046a2 sp=0x0000003fcb6fa830 mode 2
Event: 62.897 Thread 0x000001a7e51e8d10 Uncommon trap: trap_request=0xffffff45 fr.pc=0x000001a7d25d0f80 relative=0x0000000000000b80
Event: 62.897 Thread 0x000001a7e51e8d10 Uncommon trap: reason=unstable_if action=reinterpret pc=0x000001a7d25d0f80 method=java.util.HashMap.computeIfAbsent(Ljava/lang/Object;Ljava/util/function/Function;)Ljava/lang/Object; @ 228 c2
Event: 62.897 Thread 0x000001a7e51e8d10 DEOPT PACKING pc=0x000001a7d25d0f80 sp=0x0000003fcb6fa420
Event: 62.897 Thread 0x000001a7e51e8d10 DEOPT UNPACKING pc=0x000001a7d1f046a2 sp=0x0000003fcb6fa3f0 mode 2

Classes loaded (20 events):
Event: 59.172 Loading class java/util/stream/DistinctOps$1$2
Event: 59.172 Loading class java/util/stream/DistinctOps$1$2 done
Event: 59.244 Loading class sun/reflect/ReflectionFactory
Event: 59.245 Loading class sun/reflect/ReflectionFactory done
Event: 59.245 Loading class sun/reflect/ReflectionFactory$1
Event: 59.245 Loading class sun/reflect/ReflectionFactory$1 done
Event: 59.421 Loading class java/util/zip/ZipFile$ZipEntryIterator
Event: 59.422 Loading class java/util/zip/ZipFile$ZipEntryIterator done
Event: 59.439 Loading class java/util/zip/ZipInputStream
Event: 59.440 Loading class java/util/zip/ZipInputStream done
Event: 62.789 Loading class java/nio/charset/UnsupportedCharsetException
Event: 62.790 Loading class java/nio/charset/UnsupportedCharsetException done
Event: 62.793 Loading class java/util/Collections$UnmodifiableSortedMap
Event: 62.794 Loading class java/util/Collections$UnmodifiableSortedMap done
Event: 62.799 Loading class java/util/zip/Deflater
Event: 62.800 Loading class java/util/zip/Deflater done
Event: 62.803 Loading class java/util/zip/Deflater$DeflaterZStreamRef
Event: 62.804 Loading class java/util/zip/Deflater$DeflaterZStreamRef done
Event: 62.859 Loading class java/nio/StringCharBuffer
Event: 62.859 Loading class java/nio/StringCharBuffer done

Classes unloaded (5 events):
Event: 58.875 Thread 0x000001a7de6a1600 Unloading class 0x000000010072c000 '_BuildScript_$_run_closure1'
Event: 58.875 Thread 0x000001a7de6a1600 Unloading class 0x0000000100724000 '_BuildScript_'
Event: 60.569 Thread 0x000001a7de6a1600 Unloading class 0x00000001007f0988 '_BuildScript_$_run_closure1$_closure2'
Event: 60.569 Thread 0x000001a7de6a1600 Unloading class 0x00000001007f0568 '_BuildScript_$_run_closure1'
Event: 60.569 Thread 0x000001a7de6a1600 Unloading class 0x00000001007f0000 '_BuildScript_'

Classes redefined (0 events):
No events

Internal exceptions (20 events):
Event: 58.096 Thread 0x000001a7de9f2790 Exception <a 'java/lang/NoSuchMethodError'{0x0000000086290fd8}: 'java.lang.Object java.lang.invoke.Invokers$Holder.linkToTargetMethod(java.lang.Object, java.lang.Object, java.lang.Object, java.lang.Object, long, java.lang.Object, java.lang.Object)'> (0x0000000086290fd8) 
thrown [s\src\hotspot\share\interpreter\linkResolver.cpp, line 784]
Event: 58.107 Thread 0x000001a7de9f2790 Exception <a 'java/lang/NoSuchMethodError'{0x00000000862d6f08}: 'java.lang.Object java.lang.invoke.DirectMethodHandle$Holder.newInvokeSpecial(java.lang.Object, java.lang.Object, java.lang.Object, long, java.lang.Object)'> (0x00000000862d6f08) 
thrown [s\src\hotspot\share\interpreter\linkResolver.cpp, line 784]
Event: 58.108 Thread 0x000001a7de9f2790 Exception <a 'java/lang/NoSuchMethodError'{0x00000000862dc118}: 'java.lang.Object java.lang.invoke.DirectMethodHandle$Holder.invokeSpecial(java.lang.Object, java.lang.Object, java.lang.Object, java.lang.Object, long, java.lang.Object)'> (0x00000000862dc118) 
thrown [s\src\hotspot\share\interpreter\linkResolver.cpp, line 784]
Event: 58.108 Thread 0x000001a7de9f2790 Exception <a 'java/lang/NoSuchMethodError'{0x00000000862e09b8}: 'java.lang.Object java.lang.invoke.Invokers$Holder.linkToTargetMethod(java.lang.Object, java.lang.Object, long, java.lang.Object, java.lang.Object)'> (0x00000000862e09b8) 
thrown [s\src\hotspot\share\interpreter\linkResolver.cpp, line 784]
Event: 58.165 Thread 0x000001a7de9f2790 Exception <a 'java/lang/NoSuchMethodError'{0x0000000085f46c78}: 'java.lang.Object java.lang.invoke.DirectMethodHandle$Holder.newInvokeSpecial(java.lang.Object, java.lang.Object, java.lang.Object, java.lang.Object, java.lang.Object, java.lang.Object, java.lang.Object, java.lang.Object, java.lang.Object, java.lang.Object, java.lang.Object, java.lang.Object, java.lang.Object, java.lang.Object, java.lang.Object, java.lang.Object, java.lang.Object, java.lang.Object, java.lang.Object, java.lang.Object, java.lang
Event: 58.237 Thread 0x000001a7de9f2790 Implicit null exception at 0x000001a7d25cbefc to 0x000001a7d25cbfac
Event: 58.266 Thread 0x000001a7de9f2790 Exception <a 'java/lang/ClassNotFoundException'{0x0000000085b561a8}: org/gradle/api/internal/artifacts/dsl/dependencies/DefaultDependencyHandler_DecoratedBeanInfo> (0x0000000085b561a8) 
thrown [s\src\hotspot\share\classfile\systemDictionary.cpp, line 312]
Event: 58.268 Thread 0x000001a7de9f2790 Exception <a 'java/lang/ClassNotFoundException'{0x0000000085b6bf38}: org/gradle/api/internal/artifacts/dsl/dependencies/DefaultDependencyHandlerBeanInfo> (0x0000000085b6bf38) 
thrown [s\src\hotspot\share\classfile\systemDictionary.cpp, line 312]
Event: 58.269 Thread 0x000001a7de9f2790 Exception <a 'java/lang/ClassNotFoundException'{0x0000000085b81f80}: org/gradle/api/internal/artifacts/dsl/dependencies/DefaultDependencyHandlerCustomizer> (0x0000000085b81f80) 
thrown [s\src\hotspot\share\classfile\systemDictionary.cpp, line 312]
Event: 58.273 Thread 0x000001a7de9f2790 Exception <a 'java/lang/ClassNotFoundException'{0x0000000085bcd080}: org/gradle/api/internal/artifacts/dsl/dependencies/DefaultDependencyHandler_DecoratedCustomizer> (0x0000000085bcd080) 
thrown [s\src\hotspot\share\classfile\systemDictionary.cpp, line 312]
Event: 58.281 Thread 0x000001a7de9f2790 Exception <a 'java/lang/ClassNotFoundException'{0x0000000085a14668}: sync_studio_tooling1_eyijou0ffri5borb2uxlbb6y7$_run_closure1BeanInfo> (0x0000000085a14668) 
thrown [s\src\hotspot\share\classfile\systemDictionary.cpp, line 312]
Event: 58.281 Thread 0x000001a7de9f2790 Exception <a 'java/lang/ClassNotFoundException'{0x0000000085a1c948}: sync_studio_tooling1_eyijou0ffri5borb2uxlbb6y7$_run_closure1Customizer> (0x0000000085a1c948) 
thrown [s\src\hotspot\share\classfile\systemDictionary.cpp, line 312]
Event: 58.603 Thread 0x000001a7de9f2790 Exception <a 'java/lang/NoSuchMethodError'{0x00000000850a9d70}: 'java.lang.Object java.lang.invoke.DirectMethodHandle$Holder.invokeSpecial(java.lang.Object, java.lang.Object, long, java.lang.Object, java.lang.Object)'> (0x00000000850a9d70) 
thrown [s\src\hotspot\share\interpreter\linkResolver.cpp, line 784]
Event: 59.160 Thread 0x000001a7de9f2790 Exception <a 'java/lang/NoSuchMethodError'{0x00000000877b8d28}: 'int java.lang.invoke.DirectMethodHandle$Holder.invokeInterface(java.lang.Object, java.lang.Object, java.lang.Object, java.lang.Object, java.lang.Object)'> (0x00000000877b8d28) 
thrown [s\src\hotspot\share\interpreter\linkResolver.cpp, line 784]
Event: 59.256 Thread 0x000001a7de9f2790 Exception <a 'java/lang/NoSuchMethodError'{0x00000000876e6f00}: 'java.lang.Object java.lang.invoke.DirectMethodHandle$Holder.newInvokeSpecial(java.lang.Object, java.lang.Object, java.lang.Object, java.lang.Object, int, java.lang.Object)'> (0x00000000876e6f00) 
thrown [s\src\hotspot\share\interpreter\linkResolver.cpp, line 784]
Event: 59.257 Thread 0x000001a7de9f2790 Exception <a 'java/lang/NoSuchMethodError'{0x00000000876ef920}: 'java.lang.Object java.lang.invoke.Invokers$Holder.linkToTargetMethod(java.lang.Object, java.lang.Object, java.lang.Object, int, java.lang.Object, java.lang.Object)'> (0x00000000876ef920) 
thrown [s\src\hotspot\share\interpreter\linkResolver.cpp, line 784]
Event: 59.430 Thread 0x000001a7de9f2790 Implicit null exception at 0x000001a7d254806f to 0x000001a7d2548bfc
Event: 60.771 Thread 0x000001a7de9f2790 Implicit null exception at 0x000001a7d274d1cb to 0x000001a7d274e8ac
Event: 61.318 Thread 0x000001a7de9f2790 Exception <a 'java/lang/NoSuchMethodError'{0x0000000087378658}: 'java.lang.Object java.lang.invoke.DirectMethodHandle$Holder.invokeSpecialIFC(java.lang.Object, java.lang.Object, java.lang.Object)'> (0x0000000087378658) 
thrown [s\src\hotspot\share\interpreter\linkResolver.cpp, line 784]
Event: 62.732 Thread 0x000001a7e51e8d10 Exception <a 'sun/nio/fs/WindowsException'{0x000000008728a6d0}> (0x000000008728a6d0) 
thrown [s\src\hotspot\share\prims\jni.cpp, line 537]

ZGC Phase Switch (0 events):
No events

VM Operations (20 events):
Event: 60.267 Executing VM operation: RendezvousGCThreads done
Event: 60.409 Executing VM operation: G1CollectForAllocation (G1 Evacuation Pause)
Event: 60.420 Executing VM operation: G1CollectForAllocation (G1 Evacuation Pause) done
Event: 60.569 Executing VM operation: G1PauseRemark
Event: 60.581 Executing VM operation: G1PauseRemark done
Event: 60.630 Executing VM operation: G1PauseCleanup
Event: 60.630 Executing VM operation: G1PauseCleanup done
Event: 60.881 Executing VM operation: G1CollectForAllocation (G1 Evacuation Pause)
Event: 60.905 Executing VM operation: G1CollectForAllocation (G1 Evacuation Pause) done
Event: 61.907 Executing VM operation: Cleanup
Event: 61.908 Executing VM operation: Cleanup done
Event: 62.599 Executing VM operation: G1CollectForAllocation (G1 Evacuation Pause)
Event: 62.619 Executing VM operation: G1CollectForAllocation (G1 Evacuation Pause) done
Event: 62.796 Executing VM operation: HandshakeAllThreads (Deoptimize)
Event: 62.797 Executing VM operation: HandshakeAllThreads (Deoptimize) done
Event: 62.828 Executing VM operation: HandshakeAllThreads (Deoptimize)
Event: 62.828 Executing VM operation: HandshakeAllThreads (Deoptimize) done
Event: 62.869 Executing VM operation: HandshakeAllThreads (Deoptimize)
Event: 62.869 Executing VM operation: HandshakeAllThreads (Deoptimize) done
Event: 62.940 Executing VM operation: G1CollectForAllocation (G1 Evacuation Pause)

Memory protections (0 events):
No events

Nmethod flushes (20 events):
Event: 60.580 Thread 0x000001a7de6a1600 flushing  nmethod 0x000001a7cb0ebd90
Event: 60.580 Thread 0x000001a7de6a1600 flushing  nmethod 0x000001a7cb0ec910
Event: 60.580 Thread 0x000001a7de6a1600 flushing  nmethod 0x000001a7cb0f4110
Event: 60.580 Thread 0x000001a7de6a1600 flushing  nmethod 0x000001a7cb0f7d10
Event: 60.580 Thread 0x000001a7de6a1600 flushing  nmethod 0x000001a7cb0fbc90
Event: 60.580 Thread 0x000001a7de6a1600 flushing  nmethod 0x000001a7cb100b10
Event: 60.580 Thread 0x000001a7de6a1600 flushing  nmethod 0x000001a7cb125490
Event: 60.580 Thread 0x000001a7de6a1600 flushing  nmethod 0x000001a7cb125d90
Event: 60.580 Thread 0x000001a7de6a1600 flushing  nmethod 0x000001a7cb126290
Event: 60.580 Thread 0x000001a7de6a1600 flushing  nmethod 0x000001a7cb126a10
Event: 60.580 Thread 0x000001a7de6a1600 flushing  nmethod 0x000001a7cb150090
Event: 60.580 Thread 0x000001a7de6a1600 flushing  nmethod 0x000001a7cb150690
Event: 60.580 Thread 0x000001a7de6a1600 flushing  nmethod 0x000001a7cb151710
Event: 60.580 Thread 0x000001a7de6a1600 flushing  nmethod 0x000001a7cb197310
Event: 60.580 Thread 0x000001a7de6a1600 flushing  nmethod 0x000001a7cb198510
Event: 60.580 Thread 0x000001a7de6a1600 flushing  nmethod 0x000001a7cb213b90
Event: 60.580 Thread 0x000001a7de6a1600 flushing  nmethod 0x000001a7cb2a2d10
Event: 60.580 Thread 0x000001a7de6a1600 flushing  nmethod 0x000001a7cb2a3190
Event: 60.580 Thread 0x000001a7de6a1600 flushing  nmethod 0x000001a7cb2a8d10
Event: 60.580 Thread 0x000001a7de6a1600 flushing  nmethod 0x000001a7cb2f4010

Events (20 events):
Event: 13.080 Thread 0x000001a7de9f2790 Thread added: 0x000001a7e49f97c0
Event: 13.995 Thread 0x000001a7de9f2790 Thread added: 0x000001a7e49f76f0
Event: 14.017 Thread 0x000001a7de9f2790 Thread added: 0x000001a7e49f8410
Event: 16.587 Thread 0x000001a7de9f2790 Thread added: 0x000001a7e49f9130
Event: 20.141 Thread 0x000001a7de9f2790 Thread added: 0x000001a7e49f7d80
Event: 20.165 Thread 0x000001a7de9f2790 Thread added: 0x000001a7e49fa4e0
Event: 20.716 Thread 0x000001a7de9f2790 Thread added: 0x000001a7e51e72d0
Event: 20.750 Thread 0x000001a7de9f2790 Thread added: 0x000001a7e51ea0c0
Event: 39.337 Thread 0x000001a7de9f2790 Thread added: 0x000001a7e51ebb00
Event: 39.338 Thread 0x000001a7de9f2790 Thread added: 0x000001a7e51ec190
Event: 39.339 Thread 0x000001a7de9f2790 Thread added: 0x000001a7e51e7960
Event: 39.339 Thread 0x000001a7de9f2790 Thread added: 0x000001a7e51ec820
Event: 54.349 Thread 0x000001a7de9f2790 Thread added: 0x000001a7e51e7ff0
Event: 54.634 Thread 0x000001a7de9f2790 Thread added: 0x000001a7e51e8680
Event: 57.490 Thread 0x000001a7de9f2790 Thread added: 0x000001a7e51eceb0
Event: 57.577 Thread 0x000001a7de9f2790 Thread added: 0x000001a7e51e93a0
Event: 59.330 Thread 0x000001a7de9f2790 Thread added: 0x000001a7e51eade0
Event: 59.336 Thread 0x000001a7de9f2790 Thread added: 0x000001a7e51e5f20
Event: 61.319 Thread 0x000001a7de9f2790 Thread added: 0x000001a7e51e8d10
Event: 61.320 Thread 0x000001a7de9f2790 Thread added: 0x000001a7e51eb470


Dynamic libraries:
0x00007ff77db80000 - 0x00007ff77db8a000 	C:\Program Files\Android\Android Studio\jbr\bin\java.exe
0x00007ffe540d0000 - 0x00007ffe542c8000 	C:\Windows\SYSTEM32\ntdll.dll
0x00007ffe536b0000 - 0x00007ffe53772000 	C:\Windows\System32\KERNEL32.DLL
0x00007ffe51cc0000 - 0x00007ffe51fb6000 	C:\Windows\System32\KERNELBASE.dll
0x00007ffe518c0000 - 0x00007ffe519c0000 	C:\Windows\System32\ucrtbase.dll
0x00007ffe47390000 - 0x00007ffe473ab000 	C:\Program Files\Android\Android Studio\jbr\bin\VCRUNTIME140.dll
0x00007ffe4baa0000 - 0x00007ffe4bab8000 	C:\Program Files\Android\Android Studio\jbr\bin\jli.dll
0x00007ffe53db0000 - 0x00007ffe53f51000 	C:\Windows\System32\USER32.dll
0x00007ffe51bd0000 - 0x00007ffe51bf2000 	C:\Windows\System32\win32u.dll
0x00007ffe53790000 - 0x00007ffe537bb000 	C:\Windows\System32\GDI32.dll
0x00007ffe519c0000 - 0x00007ffe51ad9000 	C:\Windows\System32\gdi32full.dll
0x00007ffe51b30000 - 0x00007ffe51bcd000 	C:\Windows\System32\msvcp_win.dll
0x00007ffe3fd90000 - 0x00007ffe4002b000 	C:\Windows\WinSxS\amd64_microsoft.windows.common-controls_6595b64144ccf1df_6.0.19041.6456_none_60b8a6cb71f64256\COMCTL32.dll
0x00007ffe53610000 - 0x00007ffe536ae000 	C:\Windows\System32\msvcrt.dll
0x00007ffe531a0000 - 0x00007ffe531cf000 	C:\Windows\System32\IMM32.DLL
0x00007ffe4ca90000 - 0x00007ffe4ca9c000 	C:\Program Files\Android\Android Studio\jbr\bin\vcruntime140_1.dll
0x00007ffe45070000 - 0x00007ffe450fd000 	C:\Program Files\Android\Android Studio\jbr\bin\msvcp140.dll
0x00007ffe19dc0000 - 0x00007ffe1aa56000 	C:\Program Files\Android\Android Studio\jbr\bin\server\jvm.dll
0x00007ffe531d0000 - 0x00007ffe53281000 	C:\Windows\System32\ADVAPI32.dll
0x00007ffe533d0000 - 0x00007ffe5346f000 	C:\Windows\System32\sechost.dll
0x00007ffe537c0000 - 0x00007ffe538e0000 	C:\Windows\System32\RPCRT4.dll
0x00007ffe51c90000 - 0x00007ffe51cb7000 	C:\Windows\System32\bcrypt.dll
0x00007ffe53980000 - 0x00007ffe539eb000 	C:\Windows\System32\WS2_32.dll
0x00007ffe50f30000 - 0x00007ffe50f7b000 	C:\Windows\SYSTEM32\POWRPROF.dll
0x00007ffe49220000 - 0x00007ffe49247000 	C:\Windows\SYSTEM32\WINMM.dll
0x00007ffe4b510000 - 0x00007ffe4b51a000 	C:\Windows\SYSTEM32\VERSION.dll
0x00007ffe50ef0000 - 0x00007ffe50f02000 	C:\Windows\SYSTEM32\UMPDC.dll
0x00007ffe4f590000 - 0x00007ffe4f5a2000 	C:\Windows\SYSTEM32\kernel.appcore.dll
0x00007ffe4ca80000 - 0x00007ffe4ca8a000 	C:\Program Files\Android\Android Studio\jbr\bin\jimage.dll
0x00007ffe46af0000 - 0x00007ffe46cf1000 	C:\Windows\SYSTEM32\DBGHELP.DLL
0x00007ffe46a00000 - 0x00007ffe46a34000 	C:\Windows\SYSTEM32\dbgcore.DLL
0x00007ffe51c00000 - 0x00007ffe51c82000 	C:\Windows\System32\bcryptPrimitives.dll
0x00007ffe4bbc0000 - 0x00007ffe4bbce000 	C:\Program Files\Android\Android Studio\jbr\bin\instrument.dll
0x00007ffe47370000 - 0x00007ffe47390000 	C:\Program Files\Android\Android Studio\jbr\bin\java.dll
0x00007ffe45170000 - 0x00007ffe45188000 	C:\Program Files\Android\Android Studio\jbr\bin\zip.dll
0x00007ffe52980000 - 0x00007ffe530f0000 	C:\Windows\System32\SHELL32.dll
0x00007ffe4f790000 - 0x00007ffe4ff35000 	C:\Windows\SYSTEM32\windows.storage.dll
0x00007ffe53a50000 - 0x00007ffe53da4000 	C:\Windows\System32\combase.dll
0x00007ffe51190000 - 0x00007ffe511bb000 	C:\Windows\SYSTEM32\Wldp.dll
0x00007ffe53fc0000 - 0x00007ffe5408d000 	C:\Windows\System32\OLEAUT32.dll
0x00007ffe532b0000 - 0x00007ffe5335d000 	C:\Windows\System32\SHCORE.dll
0x00007ffe53370000 - 0x00007ffe533cb000 	C:\Windows\System32\shlwapi.dll
0x00007ffe51690000 - 0x00007ffe516b4000 	C:\Windows\SYSTEM32\profapi.dll
0x00007ffe4bbb0000 - 0x00007ffe4bbc0000 	C:\Program Files\Android\Android Studio\jbr\bin\net.dll
0x00007ffe49280000 - 0x00007ffe4938a000 	C:\Windows\SYSTEM32\WINHTTP.dll
0x00007ffe50e80000 - 0x00007ffe50eea000 	C:\Windows\system32\mswsock.dll
0x00007ffe45100000 - 0x00007ffe45116000 	C:\Program Files\Android\Android Studio\jbr\bin\nio.dll
0x00007ffe473c0000 - 0x00007ffe473d0000 	C:\Program Files\Android\Android Studio\jbr\bin\verify.dll
0x00007ffe45bf0000 - 0x00007ffe45c17000 	C:\Users\ADMIN\.gradle\native\1def1411415f61bf3af743bc5b6707747c0891f09f0c88961ee8f79bc544acac\windows-amd64\native-platform.dll
0x00007ffe3e570000 - 0x00007ffe3e5e8000 	C:\Users\ADMIN\.gradle\native\0.2.7\x86_64-windows-gnu\gradle-fileevents.dll
0x00007ffe4b010000 - 0x00007ffe4b019000 	C:\Program Files\Android\Android Studio\jbr\bin\management.dll
0x00007ffe4b000000 - 0x00007ffe4b00b000 	C:\Program Files\Android\Android Studio\jbr\bin\management_ext.dll
0x00007ffe53780000 - 0x00007ffe53788000 	C:\Windows\System32\PSAPI.DLL
0x00007ffe50b60000 - 0x00007ffe50b9b000 	C:\Windows\SYSTEM32\IPHLPAPI.DLL
0x00007ffe53970000 - 0x00007ffe53978000 	C:\Windows\System32\NSI.dll
0x00007ffe4cac0000 - 0x00007ffe4cac9000 	C:\Program Files\Android\Android Studio\jbr\bin\extnet.dll
0x00007ffe510f0000 - 0x00007ffe51108000 	C:\Windows\SYSTEM32\CRYPTSP.dll
0x00007ffe50730000 - 0x00007ffe50768000 	C:\Windows\system32\rsaenh.dll
0x00007ffe51610000 - 0x00007ffe5163e000 	C:\Windows\SYSTEM32\USERENV.dll
0x00007ffe510e0000 - 0x00007ffe510ec000 	C:\Windows\SYSTEM32\CRYPTBASE.dll
0x00007ffe4c980000 - 0x00007ffe4c987000 	C:\Windows\system32\wshunix.dll
0x00007ffe50980000 - 0x00007ffe509b3000 	C:\Windows\SYSTEM32\ntmarta.dll

JVMTI agents:
C:\Users\ADMIN\.gradle\wrapper\dists\gradle-8.13-bin\5xuhj0ry160q40clulazy9h7d\gradle-8.13\lib\agents\gradle-instrumentation-agent-8.13.jar path:C:\Program Files\Android\Android Studio\jbr\bin\instrument.dll, loaded, initialized, instrumentlib options:none

dbghelp: loaded successfully - version: 4.0.5 - missing functions: none
symbol engine: initialized successfully - sym options: 0x614 - pdb path: .;C:\Program Files\Android\Android Studio\jbr\bin;C:\Windows\SYSTEM32;C:\Windows\WinSxS\amd64_microsoft.windows.common-controls_6595b64144ccf1df_6.0.19041.6456_none_60b8a6cb71f64256;C:\Program Files\Android\Android Studio\jbr\bin\server;C:\Users\ADMIN\.gradle\native\1def1411415f61bf3af743bc5b6707747c0891f09f0c88961ee8f79bc544acac\windows-amd64;C:\Users\ADMIN\.gradle\native\0.2.7\x86_64-windows-gnu

VM Arguments:
jvm_args: --add-opens=java.base/java.lang=ALL-UNNAMED --add-opens=java.base/java.lang.invoke=ALL-UNNAMED --add-opens=java.base/java.util=ALL-UNNAMED --add-opens=java.prefs/java.util.prefs=ALL-UNNAMED --add-exports=jdk.compiler/com.sun.tools.javac.api=ALL-UNNAMED --add-exports=jdk.compiler/com.sun.tools.javac.util=ALL-UNNAMED --add-opens=java.base/java.util=ALL-UNNAMED --add-opens=java.prefs/java.util.prefs=ALL-UNNAMED --add-opens=java.base/java.nio.charset=ALL-UNNAMED --add-opens=java.base/java.net=ALL-UNNAMED --add-opens=java.base/java.util.concurrent.atomic=ALL-UNNAMED --add-opens=java.xml/javax.xml.namespace=ALL-UNNAMED -Xmx2048m -Dfile.encoding=UTF-8 -Duser.country=IN -Duser.language=en -Duser.variant -javaagent:C:\Users\ADMIN\.gradle\wrapper\dists\gradle-8.13-bin\5xuhj0ry160q40clulazy9h7d\gradle-8.13\lib\agents\gradle-instrumentation-agent-8.13.jar 
java_command: org.gradle.launcher.daemon.bootstrap.GradleDaemon 8.13
java_class_path (initial): C:\Users\ADMIN\.gradle\wrapper\dists\gradle-8.13-bin\5xuhj0ry160q40clulazy9h7d\gradle-8.13\lib\gradle-daemon-main-8.13.jar
Launcher Type: SUN_STANDARD

[Global flags]
     intx CICompilerCount                          = 3                                         {product} {ergonomic}
     uint ConcGCThreads                            = 1                                         {product} {ergonomic}
     uint G1ConcRefinementThreads                  = 4                                         {product} {ergonomic}
   size_t G1HeapRegionSize                         = 1048576                                   {product} {ergonomic}
    uintx GCDrainStackTargetSize                   = 64                                        {product} {ergonomic}
   size_t InitialHeapSize                          = 134217728                                 {product} {ergonomic}
   size_t MarkStackSize                            = 4194304                                   {product} {ergonomic}
   size_t MaxHeapSize                              = 2147483648                                {product} {command line}
   size_t MaxNewSize                               = 1287651328                                {product} {ergonomic}
   size_t MinHeapDeltaBytes                        = 1048576                                   {product} {ergonomic}
   size_t MinHeapSize                              = 8388608                                   {product} {ergonomic}
    uintx NonNMethodCodeHeapSize                   = 5832780                                {pd product} {ergonomic}
    uintx NonProfiledCodeHeapSize                  = 122912730                              {pd product} {ergonomic}
    uintx ProfiledCodeHeapSize                     = 122912730                              {pd product} {ergonomic}
    uintx ReservedCodeCacheSize                    = 251658240                              {pd product} {ergonomic}
     bool SegmentedCodeCache                       = true                                      {product} {ergonomic}
   size_t SoftMaxHeapSize                          = 2147483648                             {manageable} {ergonomic}
     bool UseCompressedOops                        = true                           {product lp64_product} {ergonomic}
     bool UseG1GC                                  = true                                      {product} {ergonomic}
     bool UseLargePagesIndividualAllocation        = false                                  {pd product} {ergonomic}

Logging:
Log output configuration:
 #0: stdout all=warning uptime,level,tags foldmultilines=false
 #1: stderr all=off uptime,level,tags foldmultilines=false

Environment Variables:
JAVA_HOME=C:\Program Files\Java\jdk-20
PATH=C:\Python 3.7\Scripts\;C:\Python 3.7\;C:\Program Files\Common Files\Oracle\Java\javapath;C:\Program Files\Java\jdk-17.0.2\bin;C:\ProgramData\Oracle\Java\javapath;C:\Windows\system32;C:\Windows;C:\Windows\System32\Wbem;C:\Windows\System32\WindowsPowerShell\v1.0\;C:\Windows\System32\OpenSSH\;C:\Program Files\Java\jdk-19\bin;C:\Program Files (x86)\Common Files\Oracle\Java;C:\Program Files\Java\jdk-20\bin;C:\Program Files\nodejs\;C:\opencv\build\x64\vc15\bin;C:\Program Files (x86)\Windows Kits\10\Windows Performance Toolkit\;C:\Program Files\Git\cmd;C:\Users\ADMIN\AppData\Local\Microsoft\WindowsApps;C:\Program Files\JetBrains\IntelliJ IDEA Community Edition 2022.2\bin;;C:\Users\ADMIN\AppData\Local\Programs\Microsoft VS Code\bin;C:\Users\ADMIN\AppData\Roaming\npm;C:\Users\ADMIN\AppData\Local\GitHubDesktop\bin
USERNAME=ADMIN
OS=Windows_NT
PROCESSOR_IDENTIFIER=Intel64 Family 6 Model 69 Stepping 1, GenuineIntel
TMP=C:\Temp
TEMP=C:\Temp




Periodic native trim disabled

JNI global refs:
JNI global refs: 26, weak refs: 21

JNI global refs memory usage: 835, weak refs: 833

Process memory usage:
Resident Set Size: 280928K (3% of 8308116K total physical memory with 26812K free physical memory)

OOME stack traces (most recent first):
Classloader memory used:
Loader org.gradle.internal.classloader.VisitableURLClassLoader                         : 33572K
Loader bootstrap                                                                       : 23023K
Loader org.gradle.initialization.MixInLegacyTypesClassLoader                           : 6651K
Loader org.gradle.internal.classloader.VisitableURLClassLoader                         : 755K
Loader jdk.internal.loader.ClassLoaders$PlatformClassLoader                            : 521K
Loader jdk.internal.loader.ClassLoaders$AppClassLoader                                 : 235K
Loader jdk.internal.reflect.DelegatingClassLoader                                      : 188K
Loader org.gradle.groovy.scripts.internal.DefaultScriptCompilationHandler$ScriptClassLoader: 38752B
Loader org.codehaus.groovy.runtime.callsite.CallSiteClassLoader                        : 7232B

Classes loaded by more than one classloader:
Class org.gradle.internal.IoActions                                                   : loaded 3 times (x 71B)
Class org.gradle.api.Action                                                           : loaded 3 times (x 70B)
Class org.gradle.api.GradleException                                                  : loaded 3 times (x 82B)
Class org.gradle.api.UncheckedIOException                                             : loaded 3 times (x 82B)
Class org.gradle.internal.operations.MultipleBuildOperationFailures                   : loaded 2 times (x 95B)
Class org.gradle.internal.classloader.DefaultClassLoaderFactory                       : loaded 2 times (x 82B)
Class kotlin.collections.AbstractList$Companion                                       : loaded 2 times (x 71B)
Class org.gradle.internal.classloader.ClassLoaderVisitor                              : loaded 2 times (x 76B)
Class org.gradle.api.internal.classpath.EffectiveClassPath                            : loaded 2 times (x 90B)
Class org.gradle.api.internal.DefaultClassPathProvider                                : loaded 2 times (x 76B)
Class [Lorg.gradle.api.internal.ClassPathProvider;                                    : loaded 2 times (x 69B)
Class org.gradle.api.internal.ClassPathProvider                                       : loaded 2 times (x 70B)
Class org.gradle.internal.service.UnknownServiceException                             : loaded 2 times (x 83B)
Class org.gradle.internal.classpath.TransformedClassPath                              : loaded 2 times (x 96B)
Class org.gradle.internal.classloader.InstrumentingClassLoader                        : loaded 2 times (x 70B)
Class kotlin.enums.EnumEntriesList                                                    : loaded 2 times (x 223B)
Class org.gradle.internal.service.ServiceLocator                                      : loaded 2 times (x 70B)
Class org.gradle.internal.InternalTransformer                                         : loaded 2 times (x 70B)
Class org.gradle.internal.time.DefaultTimer                                           : loaded 2 times (x 80B)
Class org.gradle.internal.classloader.ClasspathUtil$1                                 : loaded 2 times (x 76B)
Class org.gradle.api.internal.classpath.DefaultModuleRegistry$DefaultModule           : loaded 2 times (x 86B)
Class org.gradle.internal.time.DefaultCountdownTimer                                  : loaded 2 times (x 88B)
Class kotlin.Function                                                                 : loaded 2 times (x 70B)
Class org.gradle.api.internal.classpath.Module                                        : loaded 2 times (x 70B)
Class org.gradle.api.internal.classpath.UnknownModuleException                        : loaded 2 times (x 82B)
Class org.gradle.api.internal.DefaultClassPathRegistry                                : loaded 2 times (x 76B)
Class org.gradle.api.internal.ClassPathRegistry                                       : loaded 2 times (x 70B)
Class org.gradle.internal.classpath.DefaultClassPath$ImmutableUniqueList              : loaded 2 times (x 199B)
Class org.gradle.api.internal.classpath.ManifestUtil                                  : loaded 2 times (x 71B)
Class org.gradle.internal.classloader.ClassLoaderHierarchy                            : loaded 2 times (x 70B)
Class kotlin.UninitializedPropertyAccessException                                     : loaded 2 times (x 82B)
Class org.gradle.internal.installation.GradleInstallation$1                           : loaded 2 times (x 75B)
Class org.gradle.api.internal.classpath.ModuleRegistry                                : loaded 2 times (x 70B)
Class org.gradle.api.internal.classpath.DefaultModuleRegistry                         : loaded 2 times (x 86B)
Class org.gradle.util.internal.DefaultGradleVersion$Stage                             : loaded 2 times (x 75B)
Class org.gradle.internal.time.MonotonicClock                                         : loaded 2 times (x 77B)
Class org.gradle.internal.service.ServiceLookupException                              : loaded 2 times (x 82B)
Class org.gradle.internal.classloader.ClassLoaderFactory                              : loaded 2 times (x 70B)
Class org.gradle.internal.service.CachingServiceLocator                               : loaded 2 times (x 82B)
Class org.gradle.internal.time.TimeSource                                             : loaded 2 times (x 70B)
Class kotlin.enums.EnumEntries                                                        : loaded 2 times (x 70B)
Class org.gradle.internal.exceptions.ResolutionProvider                               : loaded 2 times (x 70B)
Class org.gradle.internal.classloader.ClasspathUtil                                   : loaded 2 times (x 71B)
Class org.gradle.internal.time.TimeSource$1                                           : loaded 2 times (x 77B)
Class org.gradle.api.specs.Spec                                                       : loaded 2 times (x 70B)
Class org.gradle.internal.time.Clock                                                  : loaded 2 times (x 70B)
Class kotlin.collections.AbstractList                                                 : loaded 2 times (x 197B)
Class kotlin.collections.AbstractCollection                                           : loaded 2 times (x 117B)
Class org.gradle.internal.classloader.VisitableURLClassLoader$InstrumentingVisitableURLClassLoader: loaded 2 times (x 123B)
Class org.gradle.internal.classloader.VisitableURLClassLoader$Spec                    : loaded 2 times (x 74B)
Class org.gradle.internal.classpath.DefaultClassPath                                  : loaded 2 times (x 90B)
Class org.gradle.util.internal.DefaultGradleVersion                                   : loaded 2 times (x 80B)
Class org.gradle.internal.classloader.ClassLoaderSpec                                 : loaded 2 times (x 71B)
Class org.gradle.internal.classloader.VisitableURLClassLoader                         : loaded 2 times (x 117B)
Class org.gradle.internal.classloader.FilteringClassLoader                            : loaded 2 times (x 105B)
Class org.gradle.internal.Cast                                                        : loaded 2 times (x 71B)
Class kotlin.jvm.functions.Function1                                                  : loaded 2 times (x 70B)
Class org.gradle.internal.classpath.DefaultClassPath$ImmutableUniqueList$Builder      : loaded 2 times (x 75B)
Class org.gradle.internal.classpath.ClassPath                                         : loaded 2 times (x 70B)
Class org.gradle.internal.exceptions.NonGradleCauseExceptionsHolder                   : loaded 2 times (x 70B)
Class kotlin.NotImplementedError                                                      : loaded 2 times (x 82B)
Class kotlin.enums.EnumEntriesKt                                                      : loaded 2 times (x 71B)
Class org.gradle.internal.classloader.SystemClassLoaderSpec                           : loaded 2 times (x 71B)
Class org.gradle.internal.exceptions.MultiCauseException                              : loaded 2 times (x 70B)
Class org.gradle.internal.time.CountdownTimer                                         : loaded 2 times (x 70B)
Class kotlin.jvm.internal.Intrinsics                                                  : loaded 2 times (x 71B)
Class org.gradle.tooling.model.ProjectModel                                           : loaded 2 times (x 70B)
Class kotlin.KotlinNullPointerException                                               : loaded 2 times (x 83B)
Class org.gradle.internal.exceptions.DefaultMultiCauseException                       : loaded 2 times (x 95B)
Class org.gradle.internal.time.Time                                                   : loaded 2 times (x 71B)
Class org.gradle.api.internal.classpath.GlobalCacheRootsProvider                      : loaded 2 times (x 70B)
Class org.gradle.internal.time.Timer                                                  : loaded 2 times (x 70B)
Class kotlin.jvm.internal.markers.KMappedMarker                                       : loaded 2 times (x 70B)
Class org.gradle.internal.installation.CurrentGradleInstallationLocator               : loaded 2 times (x 71B)
Class org.gradle.internal.service.DefaultServiceLocator                               : loaded 2 times (x 83B)
Class org.gradle.util.GradleVersion                                                   : loaded 2 times (x 79B)
Class org.gradle.internal.installation.CurrentGradleInstallation                      : loaded 2 times (x 73B)
Class org.gradle.util.internal.GUtil                                                  : loaded 2 times (x 71B)
Class org.gradle.internal.installation.GradleInstallation                             : loaded 2 times (x 75B)

---------------  S Y S T E M  ---------------

OS:
 Windows 10 , 64 bit Build 19041 (10.0.19041.5915)
OS uptime: 17 days 0:10 hours

CPU: total 4 (initial active 4) (2 cores per cpu, 2 threads per core) family 6 model 69 stepping 1 microcode 0x25, cx8, cmov, fxsr, ht, mmx, sse, sse2, sse3, ssse3, sse4.1, sse4.2, popcnt, lzcnt, tsc, tscinvbit, avx, avx2, aes, erms, clmul, bmi1, bmi2, fma, vzeroupper, clflush, rdtscp, f16c
Processor Information for the first 4 processors :
  Max Mhz: 2401, Current Mhz: 1700, Mhz Limit: 1680

Memory: 4k page, system-wide physical 8113M (25M free)
TotalPageFile size 32689M (AvailPageFile size 27M)
current process WorkingSet (physical memory assigned to process): 274M, peak: 283M
current process commit charge ("private bytes"): 338M, peak: 397M

vm_info: OpenJDK 64-Bit Server VM (21.0.8+-14196175-b1038.72) for windows-amd64 JRE (21.0.8+-14196175-b1038.72), built on 2025-10-01T10:24:33Z by "builder" with MS VC++ 16.10 / 16.11 (VS2019)

END.
